hello
hello
hello
hello
hello
hello
hello
hello
hello
hello
girl1 boy1
girl2 boy2
girl3 boy3
girl4 boy4
girl5 boy5
girl6 boy6
girl7 boy7
girl8 boy8
girl9 boy9
girl10 boy10
girl11 boy11
girl12 boy14
girl13 boy15
girl14 boy16
girl15 boy17
girl16 boy18
girl17 boy19
girl18 boy20
girl19 boy21
girl20 boy22
girl21 boy23
girl22 boy24
girl23 boy25
girl24 boy26
girl25 boy27
girl26 boy28
girl27 boy29
girl28 boy30
girl29 boy31
girl30 boy32
girl1 boy13
girl5 boy12
girl20 boy33
girl21 boy36
--------couples who broke up----

[ { commitId: 20,
    boyDesc: 
     Boy {
       name: 'boy22',
       attractiveness: 83,
       intelligence: 66,
       budget: 5306,
       minRating: 24,
       isCommited: false,
       commitType: 'miser',
       happiness: -209 },
    girlDesc: 
     GirlByRich {
       name: 'girl20',
       rating: 52,
       maintenanceBudget: 4954,
       intelligence: 20,
       criteriaToDate: 'rich',
       isCommited: true,
       commitType: 'desperate',
       happiness: 0.10727632163829792 },
    happiness: -208.8927236783617,
    moneySpent: 5515,
    giftValue: 8521,
    giftList: 
     [ [Object],
       [Object],
       [Object],
       [Object],
       [Object],
       [Object],
       [Object],
       [Object],
       [Object] ],
    compatibility: 429 },
  { commitId: 1,
    boyDesc: 
     Boy {
       name: 'boy1',
       attractiveness: 72,
       intelligence: 69,
       budget: 7912,
       minRating: 10,
       isCommited: false,
       commitType: 'generous',
       happiness: 1.2279536629822898 },
    girlDesc: 
     GirlByAttractive {
       name: 'girl1',
       rating: 72,
       maintenanceBudget: 2571,
       intelligence: 17,
       criteriaToDate: 'attractive',
       isCommited: true,
       commitType: 'desperate',
       happiness: 1.2279536629822898 },
    happiness: 2.4559073259645796,
    moneySpent: 8778,
    giftValue: 11582,
    giftList: 
     [ [Object],
       [Object],
       [Object],
       [Object],
       [Object],
       [Object],
       [Object],
       [Object],
       [Object],
       [Object],
       [Object],
       [Object] ],
    compatibility: 5393 },
  { commitId: 5,
    boyDesc: 
     Boy {
       name: 'boy5',
       attractiveness: 73,
       intelligence: 90,
       budget: 6282,
       minRating: 27,
       isCommited: false,
       commitType: 'generous',
       happiness: 1.9048594847775175 },
    girlDesc: 
     GirlByRich {
       name: 'girl5',
       rating: 56,
       maintenanceBudget: 3416,
       intelligence: 62,
       criteriaToDate: 'rich',
       isCommited: true,
       commitType: 'desperate',
       happiness: 1.9048594847775175 },
    happiness: 3.809718969555035,
    moneySpent: 6507,
    giftValue: 9382,
    giftList: 
     [ [Object],
       [Object],
       [Object],
       [Object],
       [Object],
       [Object],
       [Object],
       [Object],
       [Object],
       [Object] ],
    compatibility: 2911 },
  { commitId: 21,
    boyDesc: 
     Boy {
       name: 'boy23',
       attractiveness: 63,
       intelligence: 71,
       budget: 6640,
       minRating: 30,
       isCommited: false,
       commitType: 'geeks',
       happiness: 18 },
    girlDesc: 
     GirlByIntelligent {
       name: 'girl21',
       rating: 67,
       maintenanceBudget: 3128,
       intelligence: 18,
       criteriaToDate: 'intelligent',
       isCommited: true,
       commitType: 'normal',
       happiness: 0.1982846844951626 },
    happiness: 18.198284684495164,
    moneySpent: 3814,
    giftValue: 5739,
    giftList: 
     [ [Object],
       [Object],
       [Object],
       [Object],
       [Object],
       [Object],
       [Object] ],
    compatibility: 3569 } ]

------couples newly formed------

[ { commitId: 25,
    boyDesc: 
     Boy {
       name: 'boy27',
       attractiveness: 73,
       intelligence: 45,
       budget: 7664,
       minRating: 16,
       isCommited: true,
       commitType: 'generous',
       happiness: 0.6870142822912481 },
    girlDesc: 
     GirlByAttractive {
       name: 'girl25',
       rating: 54,
       maintenanceBudget: 4416,
       intelligence: 32,
       criteriaToDate: 'attractive',
       isCommited: true,
       commitType: 'choosy',
       happiness: 0.6870142822912481 },
    happiness: 1.3740285645824961,
    moneySpent: 8778,
    giftValue: 11582,
    giftList: 
     [ [Object],
       [Object],
       [Object],
       [Object],
       [Object],
       [Object],
       [Object],
       [Object],
       [Object],
       [Object],
       [Object],
       [Object] ],
    compatibility: 3280 },
  { commitId: 19,
    boyDesc: 
     Boy {
       name: 'boy21',
       attractiveness: 55,
       intelligence: 97,
       budget: 8746,
       minRating: 38,
       isCommited: true,
       commitType: 'generous',
       happiness: 1.8495575221238938 },
    girlDesc: 
     GirlByAttractive {
       name: 'girl19',
       rating: 42,
       maintenanceBudget: 4746,
       intelligence: 14,
       criteriaToDate: 'attractive',
       isCommited: true,
       commitType: 'desperate',
       happiness: 1.8495575221238938 },
    happiness: 3.6991150442477876,
    moneySpent: 8778,
    giftValue: 11582,
    giftList: 
     [ [Object],
       [Object],
       [Object],
       [Object],
       [Object],
       [Object],
       [Object],
       [Object],
       [Object],
       [Object],
       [Object],
       [Object] ],
    compatibility: 4096 },
  { commitId: 2,
    boyDesc: 
     Boy {
       name: 'boy2',
       attractiveness: 54,
       intelligence: 94,
       budget: 9037,
       minRating: 14,
       isCommited: true,
       commitType: 'generous',
       happiness: 2.3393227366966136 },
    girlDesc: 
     GirlByRich {
       name: 'girl2',
       rating: 36,
       maintenanceBudget: 4341,
       intelligence: 18,
       criteriaToDate: 'rich',
       isCommited: true,
       commitType: 'desperate',
       happiness: 2.3393227366966136 },
    happiness: 4.678645473393227,
    moneySpent: 10155,
    giftValue: 11910,
    giftList: 
     [ [Object],
       [Object],
       [Object],
       [Object],
       [Object],
       [Object],
       [Object],
       [Object],
       [Object],
       [Object],
       [Object],
       [Object],
       [Object] ],
    compatibility: 4790 },
  { commitId: 22,
    boyDesc: 
     Boy {
       name: 'boy24',
       attractiveness: 63,
       intelligence: 63,
       budget: 9581,
       minRating: 35,
       isCommited: true,
       commitType: 'geeks',
       happiness: 22 },
    girlDesc: 
     GirlByAttractive {
       name: 'girl22',
       rating: 48,
       maintenanceBudget: 2580,
       intelligence: 22,
       criteriaToDate: 'attractive',
       isCommited: true,
       commitType: 'desperate',
       happiness: 1.1914728682170543 },
    happiness: 23.191472868217055,
    moneySpent: 3074,
    giftValue: 4749,
    giftList: [ [Object], [Object], [Object], [Object], [Object], [Object] ],
    compatibility: 7057 },
  { commitId: 9,
    boyDesc: 
     Boy {
       name: 'boy9',
       attractiveness: 50,
       intelligence: 68,
       budget: 6876,
       minRating: 16,
       isCommited: true,
       commitType: 'geeks',
       happiness: 27 },
    girlDesc: 
     GirlByIntelligent {
       name: 'girl9',
       rating: 70,
       maintenanceBudget: 4013,
       intelligence: 27,
       criteriaToDate: 'intelligent',
       isCommited: true,
       commitType: 'choosy',
       happiness: 0.13434093278767406 },
    happiness: 27.134340932787673,
    moneySpent: 4590,
    giftValue: 6656,
    giftList: 
     [ [Object],
       [Object],
       [Object],
       [Object],
       [Object],
       [Object],
       [Object],
       [Object] ],
    compatibility: 2924 },
  { commitId: 28,
    boyDesc: 
     Boy {
       name: 'boy30',
       attractiveness: 76,
       intelligence: 50,
       budget: 5531,
       minRating: 21,
       isCommited: true,
       commitType: 'geeks',
       happiness: 31 },
    girlDesc: 
     GirlByAttractive {
       name: 'girl28',
       rating: 66,
       maintenanceBudget: 2861,
       intelligence: 31,
       criteriaToDate: 'attractive',
       isCommited: true,
       commitType: 'desperate',
       happiness: 1.0744494931842012 },
    happiness: 32.074449493184204,
    moneySpent: 3074,
    giftValue: 4749,
    giftList: [ [Object], [Object], [Object], [Object], [Object], [Object] ],
    compatibility: 2699 },
  { commitId: 7,
    boyDesc: 
     Boy {
       name: 'boy7',
       attractiveness: 51,
       intelligence: 58,
       budget: 4855,
       minRating: 18,
       isCommited: true,
       commitType: 'geeks',
       happiness: 44 },
    girlDesc: 
     GirlByAttractive {
       name: 'girl7',
       rating: 44,
       maintenanceBudget: 4337,
       intelligence: 44,
       criteriaToDate: 'attractive',
       isCommited: true,
       commitType: 'desperate',
       happiness: 1.0583352547844131 },
    happiness: 45.05833525478441,
    moneySpent: 4590,
    giftValue: 6656,
    giftList: 
     [ [Object],
       [Object],
       [Object],
       [Object],
       [Object],
       [Object],
       [Object],
       [Object] ],
    compatibility: 539 },
  { commitId: 29,
    boyDesc: 
     Boy {
       name: 'boy31',
       attractiveness: 55,
       intelligence: 69,
       budget: 9163,
       minRating: 12,
       isCommited: true,
       commitType: 'geeks',
       happiness: 49 },
    girlDesc: 
     GirlByRich {
       name: 'girl29',
       rating: 43,
       maintenanceBudget: 2991,
       intelligence: 49,
       criteriaToDate: 'rich',
       isCommited: true,
       commitType: 'choosy',
       happiness: 0.027371865468593246 },
    happiness: 49.027371865468595,
    moneySpent: 3074,
    giftValue: 4749,
    giftList: [ [Object], [Object], [Object], [Object], [Object], [Object] ],
    compatibility: 6204 },
  { commitId: 26,
    boyDesc: 
     Boy {
       name: 'boy28',
       attractiveness: 80,
       intelligence: 59,
       budget: 5643,
       minRating: 19,
       isCommited: true,
       commitType: 'geeks',
       happiness: 49 },
    girlDesc: 
     GirlByRich {
       name: 'girl26',
       rating: 65,
       maintenanceBudget: 4224,
       intelligence: 49,
       criteriaToDate: 'rich',
       isCommited: true,
       commitType: 'choosy',
       happiness: 0.08309747766849346 },
    happiness: 49.083097477668495,
    moneySpent: 4590,
    giftValue: 6656,
    giftList: 
     [ [Object],
       [Object],
       [Object],
       [Object],
       [Object],
       [Object],
       [Object],
       [Object] ],
    compatibility: 1444 },
  { commitId: 30,
    boyDesc: 
     Boy {
       name: 'boy32',
       attractiveness: 82,
       intelligence: 62,
       budget: 9090,
       minRating: 36,
       isCommited: true,
       commitType: 'geeks',
       happiness: 52 },
    girlDesc: 
     GirlByIntelligent {
       name: 'girl30',
       rating: 65,
       maintenanceBudget: 4223,
       intelligence: 52,
       criteriaToDate: 'intelligent',
       isCommited: true,
       commitType: 'choosy',
       happiness: 0.08333424812064731 },
    happiness: 52.08333424812065,
    moneySpent: 4590,
    giftValue: 6656,
    giftList: 
     [ [Object],
       [Object],
       [Object],
       [Object],
       [Object],
       [Object],
       [Object],
       [Object] ],
    compatibility: 4894 },
  { commitId: 14,
    boyDesc: 
     Boy {
       name: 'boy16',
       attractiveness: 70,
       intelligence: 98,
       budget: 7860,
       minRating: 25,
       isCommited: true,
       commitType: 'geeks',
       happiness: 54 },
    girlDesc: 
     GirlByRich {
       name: 'girl14',
       rating: 45,
       maintenanceBudget: 2848,
       intelligence: 54,
       criteriaToDate: 'rich',
       isCommited: true,
       commitType: 'choosy',
       happiness: 0.07636265156667472 },
    happiness: 54.076362651566676,
    moneySpent: 3074,
    giftValue: 4749,
    giftList: [ [Object], [Object], [Object], [Object], [Object], [Object] ],
    compatibility: 5081 },
  { commitId: 24,
    boyDesc: 
     Boy {
       name: 'boy26',
       attractiveness: 80,
       intelligence: 75,
       budget: 6861,
       minRating: 29,
       isCommited: true,
       commitType: 'geeks',
       happiness: 62 },
    girlDesc: 
     GirlByIntelligent {
       name: 'girl24',
       rating: 63,
       maintenanceBudget: 3762,
       intelligence: 62,
       criteriaToDate: 'intelligent',
       isCommited: true,
       commitType: 'choosy',
       happiness: 0.013727776299388629 },
    happiness: 62.01372777629939,
    moneySpent: 3814,
    giftValue: 5739,
    giftList: 
     [ [Object],
       [Object],
       [Object],
       [Object],
       [Object],
       [Object],
       [Object] ],
    compatibility: 3129 },
  { commitId: 23,
    boyDesc: 
     Boy {
       name: 'boy25',
       attractiveness: 86,
       intelligence: 61,
       budget: 8569,
       minRating: 27,
       isCommited: true,
       commitType: 'geeks',
       happiness: 68 },
    girlDesc: 
     GirlByRich {
       name: 'girl23',
       rating: 60,
       maintenanceBudget: 4314,
       intelligence: 68,
       criteriaToDate: 'rich',
       isCommited: true,
       commitType: 'choosy',
       happiness: 0.06201447610548918 },
    happiness: 68.06201447610549,
    moneySpent: 4590,
    giftValue: 6656,
    giftList: 
     [ [Object],
       [Object],
       [Object],
       [Object],
       [Object],
       [Object],
       [Object],
       [Object] ],
    compatibility: 4288 },
  { commitId: 17,
    boyDesc: 
     Boy {
       name: 'boy19',
       attractiveness: 70,
       intelligence: 97,
       budget: 6561,
       minRating: 33,
       isCommited: true,
       commitType: 'miser',
       happiness: 1971 },
    girlDesc: 
     GirlByRich {
       name: 'girl17',
       rating: 65,
       maintenanceBudget: 3898,
       intelligence: 22,
       criteriaToDate: 'rich',
       isCommited: true,
       commitType: 'choosy',
       happiness: 0.16341642298708464 },
    happiness: 1971.163416422987,
    moneySpent: 4590,
    giftValue: 6656,
    giftList: 
     [ [Object],
       [Object],
       [Object],
       [Object],
       [Object],
       [Object],
       [Object],
       [Object] ],
    compatibility: 2743 },
  { commitId: 18,
    boyDesc: 
     Boy {
       name: 'boy20',
       attractiveness: 73,
       intelligence: 78,
       budget: 7923,
       minRating: 14,
       isCommited: true,
       commitType: 'miser',
       happiness: 2408 },
    girlDesc: 
     GirlByIntelligent {
       name: 'girl18',
       rating: 70,
       maintenanceBudget: 4686,
       intelligence: 33,
       criteriaToDate: 'intelligent',
       isCommited: true,
       commitType: 'choosy',
       happiness: 0.16289231261986195 },
    happiness: 2408.16289231262,
    moneySpent: 5515,
    giftValue: 8521,
    giftList: 
     [ [Object],
       [Object],
       [Object],
       [Object],
       [Object],
       [Object],
       [Object],
       [Object],
       [Object] ],
    compatibility: 3285 },
  { commitId: 13,
    boyDesc: 
     Boy {
       name: 'boy15',
       attractiveness: 99,
       intelligence: 42,
       budget: 6593,
       minRating: 27,
       isCommited: true,
       commitType: 'miser',
       happiness: 2779 },
    girlDesc: 
     GirlByAttractive {
       name: 'girl13',
       rating: 43,
       maintenanceBudget: 3299,
       intelligence: 16,
       criteriaToDate: 'attractive',
       isCommited: true,
       commitType: 'desperate',
       happiness: 1.1561079114883297 },
    happiness: 2780.156107911488,
    moneySpent: 3814,
    giftValue: 5739,
    giftList: 
     [ [Object],
       [Object],
       [Object],
       [Object],
       [Object],
       [Object],
       [Object] ],
    compatibility: 3376 },
  { commitId: 11,
    boyDesc: 
     Boy {
       name: 'boy11',
       attractiveness: 58,
       intelligence: 58,
       budget: 6512,
       minRating: 23,
       isCommited: true,
       commitType: 'geeks',
       happiness: 39 },
    girlDesc: 
     GirlByRich {
       name: 'girl11',
       rating: 59,
       maintenanceBudget: 2897,
       intelligence: 39,
       criteriaToDate: 'rich',
       isCommited: true,
       commitType: 'normal',
       happiness: 4750.061097687263 },
    happiness: 4789.061097687263,
    moneySpent: 3074,
    giftValue: 4749,
    giftList: [ [Object], [Object], [Object], [Object], [Object], [Object] ],
    compatibility: 3635 },
  { commitId: 4,
    boyDesc: 
     Boy {
       name: 'boy4',
       attractiveness: 60,
       intelligence: 79,
       budget: 4160,
       minRating: 23,
       isCommited: true,
       commitType: 'miser',
       happiness: 1086 },
    girlDesc: 
     GirlByAttractive {
       name: 'girl4',
       rating: 68,
       maintenanceBudget: 2726,
       intelligence: 17,
       criteriaToDate: 'attractive',
       isCommited: true,
       commitType: 'normal',
       happiness: 4750.127659574468 },
    happiness: 5836.127659574468,
    moneySpent: 3074,
    giftValue: 4749,
    giftList: [ [Object], [Object], [Object], [Object], [Object], [Object] ],
    compatibility: 1504 },
  { commitId: 27,
    boyDesc: 
     Boy {
       name: 'boy29',
       attractiveness: 53,
       intelligence: 89,
       budget: 9937,
       minRating: 38,
       isCommited: true,
       commitType: 'miser',
       happiness: 6123 },
    girlDesc: 
     GirlByIntelligent {
       name: 'girl27',
       rating: 60,
       maintenanceBudget: 3751,
       intelligence: 36,
       criteriaToDate: 'intelligent',
       isCommited: true,
       commitType: 'desperate',
       happiness: 1.0167955211943482 },
    happiness: 6124.016795521195,
    moneySpent: 3814,
    giftValue: 5739,
    giftList: 
     [ [Object],
       [Object],
       [Object],
       [Object],
       [Object],
       [Object],
       [Object] ],
    compatibility: 6246 },
  { commitId: 12,
    boyDesc: 
     Boy {
       name: 'boy14',
       attractiveness: 99,
       intelligence: 87,
       budget: 8235,
       minRating: 18,
       isCommited: true,
       commitType: 'geeks',
       happiness: 27 },
    girlDesc: 
     GirlByIntelligent {
       name: 'girl12',
       rating: 62,
       maintenanceBudget: 4088,
       intelligence: 27,
       criteriaToDate: 'intelligent',
       isCommited: true,
       commitType: 'normal',
       happiness: 6657.122798434442 },
    happiness: 6684.122798434442,
    moneySpent: 4590,
    giftValue: 6656,
    giftList: 
     [ [Object],
       [Object],
       [Object],
       [Object],
       [Object],
       [Object],
       [Object],
       [Object] ],
    compatibility: 4244 },
  { commitId: 6,
    boyDesc: 
     Boy {
       name: 'boy6',
       attractiveness: 63,
       intelligence: 70,
       budget: 5697,
       minRating: 25,
       isCommited: true,
       commitType: 'geeks',
       happiness: 31 },
    girlDesc: 
     GirlByIntelligent {
       name: 'girl6',
       rating: 43,
       maintenanceBudget: 4402,
       intelligence: 31,
       criteriaToDate: 'intelligent',
       isCommited: true,
       commitType: 'normal',
       happiness: 6657.042707860063 },
    happiness: 6688.042707860063,
    moneySpent: 4590,
    giftValue: 6656,
    giftList: 
     [ [Object],
       [Object],
       [Object],
       [Object],
       [Object],
       [Object],
       [Object],
       [Object] ],
    compatibility: 1354 },
  { commitId: 15,
    boyDesc: 
     Boy {
       name: 'boy17',
       attractiveness: 61,
       intelligence: 98,
       budget: 9108,
       minRating: 18,
       isCommited: true,
       commitType: 'geeks',
       happiness: 63 },
    girlDesc: 
     GirlByIntelligent {
       name: 'girl15',
       rating: 31,
       maintenanceBudget: 4559,
       intelligence: 63,
       criteriaToDate: 'intelligent',
       isCommited: true,
       commitType: 'normal',
       happiness: 6657.006799736784 },
    happiness: 6720.006799736784,
    moneySpent: 4590,
    giftValue: 6656,
    giftList: 
     [ [Object],
       [Object],
       [Object],
       [Object],
       [Object],
       [Object],
       [Object],
       [Object] ],
    compatibility: 4614 },
  { commitId: 10,
    boyDesc: 
     Boy {
       name: 'boy10',
       attractiveness: 60,
       intelligence: 67,
       budget: 4737,
       minRating: 28,
       isCommited: true,
       commitType: 'miser',
       happiness: 147 },
    girlDesc: 
     GirlByAttractive {
       name: 'girl10',
       rating: 35,
       maintenanceBudget: 4283,
       intelligence: 59,
       criteriaToDate: 'attractive',
       isCommited: true,
       commitType: 'normal',
       happiness: 6657.0716787298625 },
    happiness: 6804.0716787298625,
    moneySpent: 4590,
    giftValue: 6656,
    giftList: 
     [ [Object],
       [Object],
       [Object],
       [Object],
       [Object],
       [Object],
       [Object],
       [Object] ],
    compatibility: 487 },
  { commitId: 8,
    boyDesc: 
     Boy {
       name: 'boy8',
       attractiveness: 49,
       intelligence: 90,
       budget: 5180,
       minRating: 11,
       isCommited: true,
       commitType: 'miser',
       happiness: -335 },
    girlDesc: 
     GirlByRich {
       name: 'girl8',
       rating: 73,
       maintenanceBudget: 4987,
       intelligence: 44,
       criteriaToDate: 'rich',
       isCommited: true,
       commitType: 'normal',
       happiness: 8522.105875275716 },
    happiness: 8187.105875275716,
    moneySpent: 5515,
    giftValue: 8521,
    giftList: 
     [ [Object],
       [Object],
       [Object],
       [Object],
       [Object],
       [Object],
       [Object],
       [Object],
       [Object] ],
    compatibility: 263 },
  { commitId: 3,
    boyDesc: 
     Boy {
       name: 'boy3',
       attractiveness: 91,
       intelligence: 92,
       budget: 6879,
       minRating: 18,
       isCommited: true,
       commitType: 'miser',
       happiness: 3065 },
    girlDesc: 
     GirlByIntelligent {
       name: 'girl3',
       rating: 51,
       maintenanceBudget: 3101,
       intelligence: 68,
       criteriaToDate: 'intelligent',
       isCommited: true,
       commitType: 'normal',
       happiness: 5740.229925830377 },
    happiness: 8805.229925830377,
    moneySpent: 3814,
    giftValue: 5739,
    giftList: 
     [ [Object],
       [Object],
       [Object],
       [Object],
       [Object],
       [Object],
       [Object] ],
    compatibility: 3842 },
  { commitId: 16,
    boyDesc: 
     Boy {
       name: 'boy18',
       attractiveness: 84,
       intelligence: 62,
       budget: 9188,
       minRating: 25,
       isCommited: true,
       commitType: 'miser',
       happiness: 6114 },
    girlDesc: 
     GirlByAttractive {
       name: 'girl16',
       rating: 63,
       maintenanceBudget: 2701,
       intelligence: 62,
       criteriaToDate: 'attractive',
       isCommited: true,
       commitType: 'normal',
       happiness: 4750.1380970011105 },
    happiness: 10864.13809700111,
    moneySpent: 3074,
    giftValue: 4749,
    giftList: [ [Object], [Object], [Object], [Object], [Object], [Object] ],
    compatibility: 6508 },
  { commitId: 27,
    boyDesc: 
     Boy {
       name: 'boy13',
       attractiveness: 90,
       intelligence: 41,
       budget: 5746,
       minRating: 31,
       isCommited: true,
       commitType: 'generous' },
    girlDesc: 
     GirlByAttractive {
       name: 'girl1',
       rating: 72,
       maintenanceBudget: 2571,
       intelligence: 17,
       criteriaToDate: 'attractive',
       isCommited: true,
       commitType: 'desperate',
       happiness: 1.2279536629822898 } },
  { commitId: 28,
    boyDesc: 
     Boy {
       name: 'boy12',
       attractiveness: 49,
       intelligence: 48,
       budget: 7505,
       minRating: 15,
       isCommited: true,
       commitType: 'miser' },
    girlDesc: 
     GirlByRich {
       name: 'girl5',
       rating: 56,
       maintenanceBudget: 3416,
       intelligence: 62,
       criteriaToDate: 'rich',
       isCommited: true,
       commitType: 'desperate',
       happiness: 1.9048594847775175 } },
  { commitId: 29,
    boyDesc: 
     Boy {
       name: 'boy33',
       attractiveness: 89,
       intelligence: 83,
       budget: 5427,
       minRating: 26,
       isCommited: true,
       commitType: 'generous' },
    girlDesc: 
     GirlByRich {
       name: 'girl20',
       rating: 52,
       maintenanceBudget: 4954,
       intelligence: 20,
       criteriaToDate: 'rich',
       isCommited: true,
       commitType: 'desperate',
       happiness: 0.10727632163829792 } },
  { commitId: 30,
    boyDesc: 
     Boy {
       name: 'boy36',
       attractiveness: 94,
       intelligence: 89,
       budget: 5488,
       minRating: 23,
       isCommited: true,
       commitType: 'geeks' },
    girlDesc: 
     GirlByIntelligent {
       name: 'girl21',
       rating: 67,
       maintenanceBudget: 3128,
       intelligence: 18,
       criteriaToDate: 'intelligent',
       isCommited: true,
       commitType: 'normal',
       happiness: 0.1982846844951626 } } ]
